Started GET "/" for 127.0.0.1 at 2020-12-19 00:27:27 +0530
Processing by Rails::WelcomeController#index as HTML
  Rendering /home/sourav/.gem/ruby/2.7.0/gems/railties-6.1.0/lib/rails/templates/rails/welcome/index.html.erb
  Rendered /home/sourav/.gem/ruby/2.7.0/gems/railties-6.1.0/lib/rails/templates/rails/welcome/index.html.erb (Duration: 15.9ms | Allocations: 437)
Completed 200 OK in 45ms (Views: 28.8ms | Allocations: 4851)


Started GET "/" for 127.0.0.1 at 2020-12-19 00:28:27 +0530
Processing by IndexController#json as HTML
Completed 200 OK in 20ms (Views: 3.1ms | Allocations: 2937)


Started GET "/badge" for 127.0.0.1 at 2020-12-19 00:28:36 +0530
  
ActionController::RoutingError (No route matches [GET] "/badge"):
  
Started GET "/badges" for 127.0.0.1 at 2020-12-19 00:28:39 +0530
Processing by IndexController#generate_badge as HTML
  Rendering text template
  Rendered text template (Duration: 0.1ms | Allocations: 25)
Completed 200 OK in 6ms (Views: 3.3ms | Allocations: 3274)


Started GET "/" for 127.0.0.1 at 2020-12-19 00:53:16 +0530
Processing by IndexController#json as HTML
Completed 200 OK in 20ms (Views: 2.8ms | Allocations: 3020)


Started GET "/badges" for 127.0.0.1 at 2020-12-19 00:53:23 +0530
Processing by IndexController#generate_badge as HTML
  Rendering text template
  Rendered text template (Duration: 0.2ms | Allocations: 28)
Completed 200 OK in 10ms (Views: 7.7ms | Allocations: 3559)


Started GET "/" for 127.0.0.1 at 2020-12-19 01:08:33 +0530
Processing by IndexController#json as HTML
Completed 200 OK in 11ms (Views: 0.3ms | Allocations: 3021)


Started GET "/" for 127.0.0.1 at 2020-12-19 01:08:38 +0530
Processing by IndexController#json as HTML
Completed 200 OK in 3ms (Views: 0.3ms | Allocations: 2930)


Started GET "/" for 127.0.0.1 at 2020-12-19 01:08:39 +0530
Processing by IndexController#json as HTML
Completed 200 OK in 4ms (Views: 0.5ms | Allocations: 2930)


Started GET "/" for 127.0.0.1 at 2020-12-19 01:08:41 +0530
Processing by IndexController#json as HTML
Completed 200 OK in 2ms (Views: 0.2ms | Allocations: 2930)


Started GET "/" for 127.0.0.1 at 2020-12-19 01:08:42 +0530
Processing by IndexController#json as HTML
Completed 200 OK in 2ms (Views: 0.2ms | Allocations: 2930)


Started GET "/" for 127.0.0.1 at 2020-12-19 01:08:42 +0530
Processing by IndexController#json as HTML
Completed 200 OK in 15ms (Views: 1.0ms | Allocations: 2931)


Started GET "/" for 127.0.0.1 at 2020-12-19 01:08:43 +0530
Processing by IndexController#json as HTML
Completed 200 OK in 5ms (Views: 0.3ms | Allocations: 2931)


Started GET "/" for 127.0.0.1 at 2020-12-19 01:08:43 +0530
Processing by IndexController#json as HTML
Completed 200 OK in 5ms (Views: 1.3ms | Allocations: 2930)


Started GET "/" for 127.0.0.1 at 2020-12-19 01:08:44 +0530
Processing by IndexController#json as HTML
Completed 200 OK in 7ms (Views: 2.1ms | Allocations: 2930)


Started GET "/" for 127.0.0.1 at 2020-12-19 01:08:45 +0530
Processing by IndexController#json as HTML
Completed 200 OK in 22ms (Views: 0.4ms | Allocations: 2930)


Started GET "/" for 127.0.0.1 at 2020-12-19 01:08:51 +0530
Processing by IndexController#json as HTML
Completed 200 OK in 16ms (Views: 0.4ms | Allocations: 3023)


Started GET "/" for 127.0.0.1 at 2020-12-19 01:08:52 +0530
Processing by IndexController#json as HTML
Completed 200 OK in 3ms (Views: 0.3ms | Allocations: 2930)


Started GET "/" for 127.0.0.1 at 2020-12-19 01:08:53 +0530
Processing by IndexController#json as HTML
Completed 200 OK in 3ms (Views: 0.3ms | Allocations: 2930)


Started GET "/" for 127.0.0.1 at 2020-12-19 01:08:54 +0530
Processing by IndexController#json as HTML
Completed 200 OK in 3ms (Views: 0.3ms | Allocations: 2930)


Started GET "/" for 127.0.0.1 at 2020-12-19 01:08:54 +0530
Processing by IndexController#json as HTML
Completed 200 OK in 2ms (Views: 0.2ms | Allocations: 2930)


Started GET "/" for 127.0.0.1 at 2020-12-19 01:09:08 +0530
Processing by IndexController#json as HTML
Completed 200 OK in 5ms (Views: 0.4ms | Allocations: 2930)


Started GET "/" for 127.0.0.1 at 2020-12-19 01:09:18 +0530
Processing by IndexController#json as HTML
Completed 200 OK in 5740ms (Views: 0.8ms | Allocations: 3745)


Started GET "/" for 127.0.0.1 at 2020-12-19 01:09:26 +0530
Processing by IndexController#json as HTML
Completed 200 OK in 3ms (Views: 0.6ms | Allocations: 2925)


Started GET "/badges.svg" for 127.0.0.1 at 2020-12-19 01:10:42 +0530
Processing by IndexController#generate_badge as SVG
  Rendering text template
  Rendered text template (Duration: 0.2ms | Allocations: 29)
Completed 200 OK in 3650ms (Views: 6.1ms | Allocations: 4506)


